\BOOKMARK [0][-]{Doc-Start}{Acknowledgments}{}% 1
\BOOKMARK [0][-]{TOC.0}{Table of Contents}{}% 2
\BOOKMARK [0][-]{chapter*.1}{List of Tables}{}% 3
\BOOKMARK [0][-]{chapter*.2}{List of Figures}{}% 4
\BOOKMARK [0][-]{chapter.1}{Aim 1}{}% 5
\BOOKMARK [1][-]{section.1.1}{Abstract}{chapter.1}% 6
\BOOKMARK [1][-]{section.1.2}{Introduction}{chapter.1}% 7
\BOOKMARK [1][-]{section.1.3}{Methods}{chapter.1}% 8
\BOOKMARK [1][-]{section.1.4}{Results}{chapter.1}% 9
\BOOKMARK [2][-]{subsection.1.4.1}{Study Characteristics}{section.1.4}% 10
\BOOKMARK [2][-]{subsection.1.4.2}{Primary Analyses}{section.1.4}% 11
\BOOKMARK [2][-]{subsection.1.4.3}{Moderator Analyses}{section.1.4}% 12
\BOOKMARK [2][-]{subsection.1.4.4}{Executive Function}{section.1.4}% 13
\BOOKMARK [1][-]{section.1.5}{Discussion}{chapter.1}% 14
\BOOKMARK [0][-]{chapter.2}{Aim 3}{}% 15
\BOOKMARK [1][-]{section.2.1}{Abstract}{chapter.2}% 16
\BOOKMARK [1][-]{section.2.2}{Introduction}{chapter.2}% 17
\BOOKMARK [1][-]{section.2.3}{Methods}{chapter.2}% 18
\BOOKMARK [2][-]{subsection.2.3.1}{EEG Acquisition and Processing}{section.2.3}% 19
\BOOKMARK [1][-]{section.2.4}{Results}{chapter.2}% 20
\BOOKMARK [1][-]{section.2.5}{Discussion}{chapter.2}% 21
\BOOKMARK [1][-]{section.2.6}{Conclusion}{chapter.2}% 22
\BOOKMARK [0][-]{Appendix.1.A}{Summary Table of Studies with Dehydration and Cognition}{}% 23
\BOOKMARK [0][-]{Appendix.1.B}{Supplemental Figures}{}% 24
\BOOKMARK [0][-]{chapter*.10}{References}{}% 25
